TN:
SF:src/services/calculation/cartCalculation.ts
FN:6,calculateCartTotal
FNF:1
FNH:1
FNDA:4,calculateCartTotal
DA:1,1
DA:2,1
DA:3,1
DA:4,1
DA:5,1
DA:6,1
DA:7,4
DA:8,4
DA:9,4
DA:10,4
DA:11,4
DA:12,4
DA:13,4
DA:14,4
DA:15,4
DA:16,4
DA:17,4
DA:18,1
DA:19,1
DA:20,1
DA:21,1
DA:22,1
DA:23,1
DA:24,1
DA:25,1
DA:26,1
DA:27,3
DA:28,3
DA:29,3
DA:30,4
DA:31,1
DA:32,1
DA:33,1
DA:34,1
DA:35,1
DA:36,1
DA:37,1
DA:38,1
DA:39,1
DA:40,1
DA:41,1
DA:42,1
DA:43,1
DA:44,1
DA:45,1
DA:46,1
DA:47,1
DA:48,1
DA:49,1
DA:50,1
DA:51,1
DA:52,1
DA:53,1
DA:54,1
DA:55,1
DA:56,1
DA:57,1
DA:58,1
DA:59,1
DA:60,1
DA:61,1
DA:62,1
DA:63,3
DA:64,3
DA:65,3
DA:66,3
DA:67,8
DA:68,3
DA:69,3
DA:70,3
DA:71,3
DA:72,4
DA:73,1
DA:74,0
DA:75,1
DA:76,1
DA:77,1
DA:78,1
DA:79,3
DA:80,3
DA:81,3
DA:82,3
DA:83,3
DA:84,3
DA:85,3
DA:86,3
DA:87,3
DA:88,3
DA:89,3
DA:90,4
DA:91,1
LF:91
LH:90
BRDA:6,0,0,4
BRDA:17,1,0,1
BRDA:26,2,0,3
BRDA:30,3,0,1
BRDA:30,4,0,1
BRDA:62,5,0,3
BRDA:72,6,0,1
BRDA:73,7,0,0
BRDA:76,8,0,0
BRDA:78,9,0,3
BRDA:59,10,0,3
BRDA:66,11,0,8
BRDA:67,12,0,0
BRDA:67,13,0,0
BRF:14
BRH:10
end_of_record
TN:
SF:src/services/calculation/orderCalculation.ts
FN:6,calculateOrderTotal
FNF:1
FNH:1
FNDA:5,calculateOrderTotal
DA:1,1
DA:2,1
DA:3,1
DA:4,1
DA:5,1
DA:6,1
DA:7,5
DA:8,5
DA:9,5
DA:10,5
DA:11,5
DA:12,5
DA:13,5
DA:14,5
DA:15,5
DA:16,0
DA:17,0
DA:18,0
DA:19,0
DA:20,0
DA:21,0
DA:22,0
DA:23,0
DA:24,0
DA:25,0
DA:26,0
DA:27,5
DA:28,5
DA:29,5
DA:30,5
DA:31,5
DA:32,5
DA:33,5
DA:34,5
DA:35,5
DA:36,5
DA:37,4
DA:38,5
DA:39,1
DA:40,1
DA:41,5
DA:42,5
DA:43,5
DA:44,5
DA:45,5
DA:46,5
DA:47,5
DA:48,5
DA:49,5
DA:50,5
DA:51,5
DA:52,5
DA:53,5
DA:54,5
DA:55,5
DA:56,5
DA:57,1
LF:57
LH:46
BRDA:6,0,0,5
BRDA:15,1,0,0
BRDA:36,2,0,4
BRDA:38,3,0,1
BRDA:30,4,0,5
BRF:5
BRH:4
end_of_record
TN:
SF:src/services/validation/cartValidation.ts
FN:5,validateCartItem
FNF:1
FNH:1
FNDA:6,validateCartItem
DA:1,1
DA:2,1
DA:3,1
DA:4,1
DA:5,1
DA:6,6
DA:7,6
DA:8,6
DA:9,6
DA:10,6
DA:11,6
DA:12,0
DA:13,0
DA:14,0
DA:15,0
DA:16,0
DA:17,6
DA:18,0
DA:19,0
DA:20,0
DA:21,0
DA:22,0
DA:23,6
DA:24,0
DA:25,0
DA:26,0
DA:27,0
DA:28,0
DA:29,6
DA:30,0
DA:31,0
DA:32,0
DA:33,0
DA:34,0
DA:35,6
DA:36,0
DA:37,0
DA:38,0
DA:39,0
DA:40,0
DA:41,6
DA:42,2
DA:43,2
DA:44,2
DA:45,2
DA:46,2
DA:47,6
DA:48,2
DA:49,2
DA:50,2
DA:51,2
DA:52,2
DA:53,6
DA:54,1
DA:55,1
DA:56,1
DA:57,1
DA:58,6
DA:59,1
LF:59
LH:34
BRDA:5,0,0,6
BRDA:11,1,0,0
BRDA:17,2,0,0
BRDA:23,3,0,0
BRDA:29,4,0,0
BRDA:35,5,0,0
BRDA:41,6,0,5
BRDA:41,7,0,2
BRDA:46,8,0,4
BRDA:47,9,0,2
BRDA:53,10,0,1
BRF:11
BRH:6
end_of_record
TN:
SF:src/services/validation/inventoryValidation.ts
FN:5,checkInventoryAvailability
FNF:1
FNH:1
FNDA:8,checkInventoryAvailability
DA:1,1
DA:2,1
DA:3,1
DA:4,1
DA:5,1
DA:6,8
DA:7,8
DA:8,8
DA:9,8
DA:10,8
DA:11,1
DA:12,1
DA:13,1
DA:14,1
DA:15,1
DA:16,1
DA:17,7
DA:18,7
DA:19,7
DA:20,7
DA:21,8
DA:22,7
DA:23,8
DA:24,1
DA:25,1
DA:26,1
DA:27,1
DA:28,1
DA:29,1
DA:30,6
DA:31,6
DA:32,6
DA:33,6
DA:34,8
DA:35,2
DA:36,2
DA:37,2
DA:38,2
DA:39,2
DA:40,2
DA:41,4
DA:42,4
DA:43,4
DA:44,5
DA:45,4
DA:46,4
DA:47,8
DA:48,1
DA:49,1
DA:50,1
DA:51,1
DA:52,1
DA:53,1
DA:54,3
DA:55,3
DA:56,3
DA:57,3
DA:58,8
DA:59,1
DA:60,1
DA:61,1
DA:62,1
DA:63,1
DA:64,1
DA:65,1
DA:66,1
DA:67,2
DA:68,2
DA:69,2
DA:70,2
DA:71,8
DA:72,1
DA:73,1
DA:74,1
DA:75,1
DA:76,1
DA:77,1
DA:78,1
DA:79,1
DA:80,1
DA:81,1
DA:82,1
DA:83,1
DA:84,8
DA:85,1
LF:85
LH:85
BRDA:5,0,0,8
BRDA:10,1,0,1
BRDA:16,2,0,7
BRDA:23,3,0,1
BRDA:29,4,0,6
BRDA:34,5,0,2
BRDA:40,6,0,4
BRDA:47,7,0,1
BRDA:53,8,0,3
BRDA:58,9,0,1
BRDA:66,10,0,2
BRDA:71,11,0,1
BRDA:20,12,0,8
BRDA:21,13,0,7
BRDA:32,14,0,7
BRDA:43,15,0,5
BRDA:44,16,0,4
BRDA:56,17,0,4
BRDA:69,18,0,3
BRF:19
BRH:19
end_of_record
