TN:
SF:src/components/Cart.tsx
FN:13,CartComponent
FN:20,updateQuantity
FN:45,removeItem
FN:80,onClick
FNF:4
FNH:2
FNDA:4,CartComponent
FNDA:3,updateQuantity
FNDA:0,removeItem
FNDA:0,onClick
DA:1,1
DA:2,1
DA:3,1
DA:4,1
DA:5,1
DA:6,1
DA:7,1
DA:8,1
DA:9,1
DA:10,1
DA:11,1
DA:12,1
DA:13,1
DA:14,4
DA:15,4
DA:16,4
DA:17,4
DA:18,4
DA:19,4
DA:20,4
DA:21,3
DA:22,3
DA:23,3
DA:24,3
DA:25,3
DA:26,3
DA:27,3
DA:28,3
DA:29,0
DA:30,0
DA:31,0
DA:32,0
DA:33,3
DA:34,3
DA:35,3
DA:36,3
DA:37,3
DA:38,3
DA:39,1
DA:40,1
DA:41,3
DA:42,2
DA:43,2
DA:44,3
DA:45,4
DA:46,0
DA:47,0
DA:48,0
DA:49,0
DA:50,0
DA:51,0
DA:52,0
DA:53,0
DA:54,0
DA:55,0
DA:56,0
DA:57,0
DA:58,0
DA:59,0
DA:60,0
DA:61,0
DA:62,0
DA:63,0
DA:64,4
DA:65,4
DA:66,4
DA:67,4
DA:68,4
DA:69,0
DA:70,0
DA:71,0
DA:72,0
DA:73,0
DA:74,0
DA:75,0
DA:76,0
DA:77,0
DA:78,0
DA:79,0
DA:80,0
DA:81,0
DA:82,0
DA:83,0
DA:84,0
DA:85,3
DA:86,3
DA:87,3
DA:88,3
DA:89,3
DA:90,3
DA:91,3
DA:92,3
DA:93,3
DA:94,4
DA:95,4
DA:96,4
DA:97,4
DA:98,1
DA:99,1
LF:99
LH:61
BRDA:13,0,0,4
BRDA:68,1,0,3
BRDA:68,2,0,0
BRDA:84,3,0,3
BRDA:20,4,0,3
BRDA:21,5,0,0
BRDA:26,6,0,0
BRDA:28,7,0,0
BRDA:38,8,0,1
BRDA:38,9,0,1
BRDA:41,10,0,2
BRDA:86,11,0,3
BRF:12
BRH:8
end_of_record
TN:
SF:src/components/CartItem.tsx
FN:11,CartItemComponent
FN:54,onClick
FN:92,onClick
FN:110,onClick
FNF:4
FNH:2
FNDA:4,CartItemComponent
FNDA:0,onClick
FNDA:3,onClick
FNDA:0,onClick
DA:1,1
DA:2,1
DA:3,1
DA:4,1
DA:5,1
DA:6,1
DA:7,1
DA:8,1
DA:9,1
DA:10,1
DA:11,1
DA:12,4
DA:13,4
DA:14,4
DA:15,4
DA:16,4
DA:17,4
DA:18,4
DA:19,4
DA:20,4
DA:21,4
DA:22,4
DA:23,4
DA:24,4
DA:25,4
DA:26,4
DA:27,4
DA:28,4
DA:29,4
DA:30,4
DA:31,4
DA:32,4
DA:33,4
DA:34,4
DA:35,4
DA:36,4
DA:37,4
DA:38,4
DA:39,4
DA:40,4
DA:41,4
DA:42,4
DA:43,4
DA:44,4
DA:45,4
DA:46,4
DA:47,4
DA:48,4
DA:49,4
DA:50,4
DA:51,4
DA:52,4
DA:53,4
DA:54,4
DA:55,0
DA:56,0
DA:57,0
DA:58,0
DA:59,0
DA:60,0
DA:61,0
DA:62,0
DA:63,0
DA:64,4
DA:65,4
DA:66,4
DA:67,4
DA:68,4
DA:69,4
DA:70,4
DA:71,4
DA:72,4
DA:73,4
DA:74,4
DA:75,4
DA:76,4
DA:77,4
DA:78,4
DA:79,4
DA:80,4
DA:81,4
DA:82,4
DA:83,4
DA:84,4
DA:85,4
DA:86,4
DA:87,4
DA:88,4
DA:89,4
DA:90,4
DA:91,4
DA:92,4
DA:93,3
DA:94,3
DA:95,3
DA:96,3
DA:97,3
DA:98,3
DA:99,3
DA:100,3
DA:101,3
DA:102,4
DA:103,4
DA:104,4
DA:105,4
DA:106,4
DA:107,4
DA:108,4
DA:109,4
DA:110,4
DA:111,4
DA:112,4
DA:113,4
DA:114,4
DA:115,4
DA:116,4
DA:117,1
DA:118,1
LF:118
LH:109
BRDA:11,0,0,4
BRDA:33,1,0,3
BRDA:39,2,0,3
BRDA:45,3,0,3
BRDA:45,4,0,0
BRDA:92,5,0,3
BRDA:95,6,0,0
BRF:7
BRH:5
end_of_record
TN:
SF:src/utils/priceCalculation.ts
FN:4,calculateOrderPrice
FN:40,formatPrice
FN:50,formatDate
FN:57,checkInventoryAvailability
FNF:4
FNH:1
FNDA:0,calculateOrderPrice
FNDA:3,formatPrice
FNDA:0,formatDate
FNDA:0,checkInventoryAvailability
DA:1,1
DA:2,1
DA:3,1
DA:4,1
DA:5,0
DA:6,0
DA:7,0
DA:8,0
DA:9,0
DA:10,0
DA:11,0
DA:12,0
DA:13,0
DA:14,0
DA:15,0
DA:16,0
DA:17,0
DA:18,0
DA:19,0
DA:20,0
DA:21,0
DA:22,0
DA:23,0
DA:24,0
DA:25,0
DA:26,0
DA:27,0
DA:28,0
DA:29,0
DA:30,0
DA:31,0
DA:32,0
DA:33,0
DA:34,0
DA:35,0
DA:36,1
DA:37,1
DA:38,1
DA:39,1
DA:40,1
DA:41,3
DA:42,3
DA:43,3
DA:44,3
DA:45,3
DA:46,1
DA:47,1
DA:48,1
DA:49,1
DA:50,1
DA:51,0
DA:52,0
DA:53,1
DA:54,1
DA:55,1
DA:56,1
DA:57,1
DA:58,0
DA:59,0
DA:60,0
DA:61,0
LF:61
LH:24
BRDA:40,0,0,3
BRF:1
BRH:1
end_of_record
